2019-10-15 14:19:54,068 INFO o.a.j.u.JMeterUtils: Setting Locale to en_US
2019-10-15 14:19:54,085 INFO o.a.j.JMeter: Loading user properties from: user.properties
2019-10-15 14:19:54,086 INFO o.a.j.JMeter: Loading system properties from: system.properties
2019-10-15 14:19:54,092 INFO o.a.j.JMeter: Copyright (c) 1998-2018 The Apache Software Foundation
2019-10-15 14:19:54,092 INFO o.a.j.JMeter: Version 4.0 r1823414
2019-10-15 14:19:54,093 INFO o.a.j.JMeter: java.version=1.8.0_172
2019-10-15 14:19:54,093 INFO o.a.j.JMeter: java.vm.name=Java HotSpot(TM) 64-Bit Server VM
2019-10-15 14:19:54,093 INFO o.a.j.JMeter: os.name=Windows 10
2019-10-15 14:19:54,093 INFO o.a.j.JMeter: os.arch=amd64
2019-10-15 14:19:54,093 INFO o.a.j.JMeter: os.version=10.0
2019-10-15 14:19:54,093 INFO o.a.j.JMeter: file.encoding=Cp1252
2019-10-15 14:19:54,093 INFO o.a.j.JMeter: Max memory     =1884815360
2019-10-15 14:19:54,093 INFO o.a.j.JMeter: Available Processors =8
2019-10-15 14:19:54,096 INFO o.a.j.JMeter: Default Locale=English (United States)
2019-10-15 14:19:54,096 INFO o.a.j.JMeter: JMeter  Locale=English (United States)
2019-10-15 14:19:54,096 INFO o.a.j.JMeter: JMeterHome=D:\JMeter\apache-jmeter-4.0
2019-10-15 14:19:54,096 INFO o.a.j.JMeter: user.dir  =D:\JMeter\apache-jmeter-4.0\bin
2019-10-15 14:19:54,096 INFO o.a.j.JMeter: PWD       =D:\JMeter\apache-jmeter-4.0\bin
2019-10-15 14:19:54,098 INFO o.a.j.JMeter: IP: 192.168.4.134 Name: MCHURLINOSKI FullName: MCHURLINOSKI.interworks.local
2019-10-15 14:19:54,297 INFO o.a.j.g.a.LookAndFeelCommand: Installing Darcula LAF
2019-10-15 14:19:54,308 INFO o.a.j.g.a.LookAndFeelCommand: Using look and feel: javax.swing.plaf.nimbus.NimbusLookAndFeel [Darcula]
2019-10-15 14:19:54,309 INFO o.a.j.JMeter: Setting LAF to: javax.swing.plaf.nimbus.NimbusLookAndFeel
2019-10-15 14:19:54,340 INFO o.a.j.JMeter: Loaded icon properties from org/apache/jmeter/images/icon.properties
2019-10-15 14:19:55,451 INFO o.a.j.e.u.CompoundVariable: Note: Function class names must contain the string: '.functions.'
2019-10-15 14:19:55,466 INFO o.a.j.e.u.CompoundVariable: Note: Function class names must not contain the string: '.gui.'
2019-10-15 14:19:56,366 INFO o.j.r.JARSourceHTTP: Found cached repo
2019-10-15 14:19:56,479 WARN o.j.r.Plugin: Unable to load class: com.atlantbh.jmeter.plugins.oauth.OAuthSampler
java.lang.NoClassDefFoundError: org/apache/jmeter/protocol/http/sampler/HTTPSampler2
	at java.lang.ClassLoader.defineClass1(Native Method) ~[?:1.8.0_172]
	at java.lang.ClassLoader.defineClass(Unknown Source) ~[?:1.8.0_172]
	at java.security.SecureClassLoader.defineClass(Unknown Source) ~[?:1.8.0_172]
	at java.net.URLClassLoader.defineClass(Unknown Source) ~[?:1.8.0_172]
	at java.net.URLClassLoader.access$100(Unknown Source) ~[?:1.8.0_172]
	at java.net.URLClassLoader$1.run(Unknown Source) ~[?:1.8.0_172]
	at java.net.URLClassLoader$1.run(Unknown Source) ~[?:1.8.0_172]
	at java.security.AccessController.doPrivileged(Native Method) ~[?:1.8.0_172]
	at java.net.URLClassLoader.findClass(Unknown Source) ~[?:1.8.0_172]
	at java.lang.ClassLoader.loadClass(Unknown Source) ~[?:1.8.0_172]
	at java.lang.ClassLoader.loadClass(Unknown Source) ~[?:1.8.0_172]
	at org.jmeterplugins.repository.Plugin.getJARPath(Plugin.java:202) [jmeter-plugins-manager-1.3.jar:?]
	at org.jmeterplugins.repository.Plugin.detectInstalledPlugin(Plugin.java:108) [jmeter-plugins-manager-1.3.jar:?]
	at org.jmeterplugins.repository.Plugin.detectInstalled(Plugin.java:97) [jmeter-plugins-manager-1.3.jar:?]
	at org.jmeterplugins.repository.PluginManager.load(PluginManager.java:86) [jmeter-plugins-manager-1.3.jar:?]
	at org.jmeterplugins.repository.PluginManagerMenuItem$1.run(PluginManagerMenuItem.java:41) [jmeter-plugins-manager-1.3.jar:?]
Caused by: java.lang.ClassNotFoundException: org.apache.jmeter.protocol.http.sampler.HTTPSampler2
	at java.net.URLClassLoader.findClass(Unknown Source) ~[?:1.8.0_172]
	at java.lang.ClassLoader.loadClass(Unknown Source) ~[?:1.8.0_172]
	at java.lang.ClassLoader.loadClass(Unknown Source) ~[?:1.8.0_172]
	... 16 more
2019-10-15 14:19:56,486 INFO o.j.r.PluginManager: Plugins Status: [jpgc-graphs-basic=2.0, jpgc-graphs-additional=2.0, jpgc-autostop=0.1, blazemeter-debugger=0.6, jpgc-sense=3.5, netflix-cassandra=0.2-SNAPSHOT, jpgc-cmd=2.1, jpgc-graphs-composite=2.0, jpgc-csl=0.1, jpgc-functions=2.1, custom-soap=1.3, jpgc-casutg=2.5, jpgc-dbmon=0.1, jpgc-directory-listing=0.2, jpgc-graphs-dist=2.0, jpgc-dummy=0.2, jmeter.backendlistener.elasticsearch=2.4.3, jpgc-filterresults=2.1, jpgc-ffw=2.0, jpgc-ggl=2.0, bzm-hls=1.2, jpgc-httpraw=0.1, jpgc-sts=2.3, bzm-http2=1.4, jpgc-hadoop=2.0, jpgc-fifo=0.2, jpgc-jms=0.2, jpgc-jmxmon=0.2, jpgc-json=2.6, jpgc-graphs-vs=2.0, kafkameter=0.2.0, jpgc-lockfile=0.1, mqtt-sampler=0.0.1-SNAPSHOT, jpgc-mergeresults=2.1, jpgc-pde=0.1, bzm-parallel=0.7, jpgc-prmctl=0.4, jpgc-perfmon=2.1, jpgc-plugins-manager=1.3, bzm-rte=1.0.4, bzm-random-csv=0.6, jpgc-redis=0.2, jpgc-rotating-listener=0.2, ssh-sampler=1.1.1-SNAPSHOT, tilln-sshmon=1.0, jpgc-webdriver=2.3, jpgc-synthesis=2.2, jpgc-plancheck=2.2, jpgc-tst=2.5, jpgc-udp=0.3, jpgc-csvars=0.1, tilln-wssecurity=1.5, websocket-sampler=1.0.2-SNAPSHOT, websocket-samplers=1.2.1, jpgc-wsc=0.5, jpgc-xml=0.1, jpgc-xmpp=1.5.1, jmeter-core=4.0, jmeter-ftp=4.0, jmeter-http=4.0, jmeter-jdbc=4.0, jmeter-jms=4.0, jmeter-junit=4.0, jmeter-java=4.0, jmeter-ldap=4.0, jmeter-mail=4.0, jmeter-mongodb=4.0, jmeter-native=4.0, jmeter-tcp=4.0, jmeter-components=4.0, jpgc-standard=2.0]
2019-10-15 14:19:56,494 INFO o.j.r.PluginManagerMenuItem: Plugins Manager has upgrades: [jpgc-cmd, custom-soap, jpgc-casutg, jpgc-directory-listing, jpgc-dummy, jmeter.backendlistener.elasticsearch, jpgc-filterresults, bzm-hls, jpgc-sts, bzm-http2, jpgc-json, bzm-parallel, bzm-rte, jpgc-redis, tilln-sshmon, jpgc-webdriver, jpgc-plancheck, jpgc-udp, tilln-wssecurity, websocket-samplers, jpgc-wsc]
2019-10-15 14:19:58,320 INFO o.a.j.p.h.s.HTTPSamplerBase: Parser for text/html is org.apache.jmeter.protocol.http.parser.LagartoBasedHtmlParser
2019-10-15 14:19:58,321 INFO o.a.j.p.h.s.HTTPSamplerBase: Parser for application/xhtml+xml is org.apache.jmeter.protocol.http.parser.LagartoBasedHtmlParser
2019-10-15 14:19:58,321 INFO o.a.j.p.h.s.HTTPSamplerBase: Parser for application/xml is org.apache.jmeter.protocol.http.parser.LagartoBasedHtmlParser
2019-10-15 14:19:58,321 INFO o.a.j.p.h.s.HTTPSamplerBase: Parser for text/xml is org.apache.jmeter.protocol.http.parser.LagartoBasedHtmlParser
2019-10-15 14:19:58,321 INFO o.a.j.p.h.s.HTTPSamplerBase: Parser for text/vnd.wap.wml is org.apache.jmeter.protocol.http.parser.RegexpHTMLParser
2019-10-15 14:19:58,322 INFO o.a.j.p.h.s.HTTPSamplerBase: Parser for text/css is org.apache.jmeter.protocol.http.parser.CssParser
2019-10-15 14:19:58,393 WARN o.a.j.u.JMeterUtils: no icon for toolbar/19x19arrow-right-3.png
2019-10-15 14:19:58,397 INFO o.a.j.s.SampleResult: Note: Sample TimeStamps are START times
2019-10-15 14:19:58,397 INFO o.a.j.s.SampleResult: sampleresult.default.encoding is set to ISO-8859-1
2019-10-15 14:19:58,397 INFO o.a.j.s.SampleResult: sampleresult.useNanoTime=true
2019-10-15 14:19:58,397 INFO o.a.j.s.SampleResult: sampleresult.nanoThreadSleep=5000
2019-10-15 14:19:58,915 ERROR e.l.j.w.GuiUtils: UIManager does not support color key 'Label.disabledForeground'
2019-10-15 14:19:59,014 ERROR e.l.j.w.GuiUtils: UIManager does not support color key 'Label.disabledForeground'
2019-10-15 14:19:59,167 WARN o.a.j.g.ObjectTableModel: Header count=13 but classes count=11
2019-10-15 14:19:59,167 WARN o.a.j.g.ObjectTableModel: Header count=13 but writeFunctor count=11
2019-10-15 14:19:59,895 INFO o.a.j.e.KeyToolUtils: keytool found at 'keytool'
2019-10-15 14:19:59,895 INFO o.a.j.p.h.p.ProxyControl: HTTP(S) Test Script Recorder SSL Proxy will use keys that support embedded 3rd party resources in file D:\JMeter\apache-jmeter-4.0\bin\proxyserver.jks
2019-10-15 14:20:00,089 INFO o.a.j.s.FileServer: Default base='D:\JMeter\apache-jmeter-4.0\bin'
2019-10-15 14:20:00,127 WARN o.a.j.u.JMeterUtils: ERROR! Resource string not found: [mqtt_qos]
2019-10-15 14:20:00,127 WARN o.a.j.u.JMeterUtils: ERROR! Resource string not found: [mqtt_at_most_once]
2019-10-15 14:20:00,127 WARN o.a.j.u.JMeterUtils: ERROR! Resource string not found: [mqtt_at_least_once]
2019-10-15 14:20:00,127 WARN o.a.j.u.JMeterUtils: ERROR! Resource string not found: [mqtt_exactly_once]
2019-10-15 14:20:00,127 WARN o.a.j.u.JMeterUtils: ERROR! Resource string not found: [mqtt_client_types]
2019-10-15 14:20:00,127 WARN o.a.j.u.JMeterUtils: ERROR! Resource string not found: [mqtt_blocking_client]
2019-10-15 14:20:00,127 WARN o.a.j.u.JMeterUtils: ERROR! Resource string not found: [mqtt_async_client]
2019-10-15 14:20:00,127 WARN o.a.j.u.JMeterUtils: ERROR! Resource string not found: [mqtt_message_input_type]
2019-10-15 14:20:00,127 WARN o.a.j.u.JMeterUtils: ERROR! Resource string not found: [mqtt_message_input_type_text]
2019-10-15 14:20:00,127 WARN o.a.j.u.JMeterUtils: ERROR! Resource string not found: [mqtt_message_input_type_file]
2019-10-15 14:20:00,143 WARN o.a.j.u.JMeterUtils: ERROR! Resource string not found: [mqtt_qos]
2019-10-15 14:20:00,143 WARN o.a.j.u.JMeterUtils: ERROR! Resource string not found: [mqtt_at_most_once]
2019-10-15 14:20:00,143 WARN o.a.j.u.JMeterUtils: ERROR! Resource string not found: [mqtt_at_least_once]
2019-10-15 14:20:00,143 WARN o.a.j.u.JMeterUtils: ERROR! Resource string not found: [mqtt_exactly_once]
2019-10-15 14:20:00,143 WARN o.a.j.u.JMeterUtils: ERROR! Resource string not found: [mqtt_client_types]
2019-10-15 14:20:00,143 WARN o.a.j.u.JMeterUtils: ERROR! Resource string not found: [mqtt_blocking_client]
2019-10-15 14:20:00,143 WARN o.a.j.u.JMeterUtils: ERROR! Resource string not found: [mqtt_async_client]
2019-10-15 14:20:04,824 INFO o.a.j.g.a.Load: Loading file: C:\Users\marko.churlinoski\Desktop\test.jmx
2019-10-15 14:20:04,824 INFO o.a.j.s.FileServer: Set new base='C:\Users\marko.churlinoski\Desktop'
2019-10-15 14:20:05,088 INFO o.a.j.s.SaveService: Testplan (JMX) version: 2.2. Testlog (JTL) version: 2.2
2019-10-15 14:20:05,130 INFO o.a.j.s.SaveService: Using SaveService properties file encoding UTF-8
2019-10-15 14:20:05,134 INFO o.a.j.s.SaveService: Using SaveService properties version 4.0
2019-10-15 14:20:05,140 INFO o.a.j.s.SaveService: Loading file: C:\Users\marko.churlinoski\Desktop\test.jmx
2019-10-15 14:20:05,238 INFO o.a.j.p.h.c.CookieManager: Settings: Delete null: true Check: true Allow variable: true Save: false Prefix: COOKIE_
2019-10-15 14:20:05,350 INFO o.a.j.s.FileServer: Set new base='C:\Users\marko.churlinoski\Desktop'
